<?xml version="1.0" encoding="UTF-8"?>
<!-- Generated by org.testng.reporters.JUnitXMLReporter -->
<testsuite hostname="Guo-Wangs-MacBook-Pro.local" ignored="0" name="Command line test" tests="15" failures="2" timestamp="12 Mar 2018 03:50:08 GMT" time="96.571" errors="0">
  <testcase name="@AfterMethod tearDown" time="0.0" classname="com.scb.fmsw.mobile.base.BaseTest">
    <failure type="org.openqa.selenium.WebDriverException" message="Connection refused (Connection refused)
Build info: version: &amp;apos;3.6.0&amp;apos;, revision: &amp;apos;6fbf3ec767&amp;apos;, time: &amp;apos;2017-09-27T15:28:36.4Z&amp;apos;
System info: host: &amp;apos;Guo-Wangs-MacBook-Pro.local&amp;apos;, ip: &amp;apos;fe80:0:0:0:1c83:c6e1:6944:530b%en0&amp;apos;, os.name: &amp;apos;Mac OS X&amp;apos;, os.arch: &amp;apos;x86_64&amp;apos;, os.version: &amp;apos;10.13.2&amp;apos;, java.version: &amp;apos;1.8.0_131&amp;apos;
Driver info: driver.version: RemoteWebDriver">
      <![CDATA[org.openqa.selenium.WebDriverException: Connection refused (Connection refused)
Build info: version: '3.6.0', revision: '6fbf3ec767', time: '2017-09-27T15:28:36.4Z'
System info: host: 'Guo-Wangs-MacBook-Pro.local', ip: 'fe80:0:0:0:1c83:c6e1:6944:530b%en0', os.name: 'Mac OS X', os.arch: 'x86_64', os.version: '10.13.2', java.version: '1.8.0_131'
Driver info: driver.version: RemoteWebDriver
	at io.appium.java_client.remote.AppiumCommandExecutor.lambda$2(AppiumCommandExecutor.java:101)
	at java.util.Optional.orElseGet(Optional.java:267)
	at io.appium.java_client.remote.AppiumCommandExecutor.execute(AppiumCommandExecutor.java:100)
	at org.openqa.selenium.remote.RemoteWebDriver.execute(RemoteWebDriver.java:586)
	at io.appium.java_client.DefaultGenericMobileDriver.execute(DefaultGenericMobileDriver.java:46)
	at io.appium.java_client.AppiumDriver.execute(AppiumDriver.java:1)
	at io.appium.java_client.ios.IOSDriver.execute(IOSDriver.java:1)
	at org.openqa.selenium.remote.RemoteWebDriver.quit(RemoteWebDriver.java:482)
	at com.scb.fmsw.mobile.base.BaseTest.tearDown(BaseTest.java:13)
Caused by: java.net.ConnectException: Connection refused (Connection refused)
	at java.net.PlainSocketImpl.socketConnect(Native Method)
	at java.net.AbstractPlainSocketImpl.doConnect(AbstractPlainSocketImpl.java:350)
	at java.net.AbstractPlainSocketImpl.connectToAddress(AbstractPlainSocketImpl.java:206)
	at java.net.AbstractPlainSocketImpl.connect(AbstractPlainSocketImpl.java:188)
	at java.net.SocksSocketImpl.connect(SocksSocketImpl.java:392)
	at java.net.Socket.connect(Socket.java:589)
	at org.apache.http.conn.socket.PlainConnectionSocketFactory.connectSocket(PlainConnectionSocketFactory.java:75)
	at org.apache.http.impl.conn.DefaultHttpClientConnectionOperator.connect(DefaultHttpClientConnectionOperator.java:142)
	at org.apache.http.impl.conn.PoolingHttpClientConnectionManager.connect(PoolingHttpClientConnectionManager.java:359)
	at org.apache.http.impl.execchain.MainClientExec.establishRoute(MainClientExec.java:381)
	at org.apache.http.impl.execchain.MainClientExec.execute(MainClientExec.java:237)
	at org.apache.http.impl.execchain.ProtocolExec.execute(ProtocolExec.java:185)
	at org.apache.http.impl.execchain.RetryExec.execute(RetryExec.java:89)
	at org.apache.http.impl.execchain.RedirectExec.execute(RedirectExec.java:111)
	at org.apache.http.impl.client.InternalHttpClient.doExecute(InternalHttpClient.java:185)
	at org.apache.http.impl.client.CloseableHttpClient.execute(CloseableHttpClient.java:72)
	at org.apache.http.impl.client.CloseableHttpClient.execute(CloseableHttpClient.java:56)
	at org.openqa.selenium.remote.internal.ApacheHttpClient.fallBackExecute(ApacheHttpClient.java:138)
	at org.openqa.selenium.remote.internal.ApacheHttpClient.execute(ApacheHttpClient.java:86)
	at org.openqa.selenium.remote.HttpCommandExecutor.execute(HttpCommandExecutor.java:161)
	at io.appium.java_client.remote.AppiumCommandExecutor.execute(AppiumCommandExecutor.java:89)
	... 43 more
... Removed 37 stack frames]]>
    </failure>
  </testcase> <!-- @AfterMethod tearDown -->
  <testcase name="@BeforeMethod initDriver" time="0.0" classname="com.scb.fmsw.mobile.base.BaseDriver">
    <skipped/>
  </testcase> <!-- @BeforeMethod initDriver -->
  <testcase name="@AfterMethod tearDown" time="0.0" classname="com.scb.fmsw.mobile.base.BaseTest">
    <skipped/>
  </testcase> <!-- @AfterMethod tearDown -->
  <testcase name="@BeforeMethod initDriver" time="0.0" classname="com.scb.fmsw.mobile.base.BaseDriver">
    <skipped/>
  </testcase> <!-- @BeforeMethod initDriver -->
  <testcase name="@AfterMethod tearDown" time="0.0" classname="com.scb.fmsw.mobile.base.BaseTest">
    <skipped/>
  </testcase> <!-- @AfterMethod tearDown -->
  <testcase name="@BeforeMethod initDriver" time="0.0" classname="com.scb.fmsw.mobile.base.BaseDriver">
    <skipped/>
  </testcase> <!-- @BeforeMethod initDriver -->
  <testcase name="@AfterMethod tearDown" time="0.0" classname="com.scb.fmsw.mobile.base.BaseTest">
    <skipped/>
  </testcase> <!-- @AfterMethod tearDown -->
  <testcase name="@BeforeMethod initDriver" time="0.0" classname="com.scb.fmsw.mobile.base.BaseDriver">
    <skipped/>
  </testcase> <!-- @BeforeMethod initDriver -->
  <testcase name="@AfterMethod tearDown" time="0.0" classname="com.scb.fmsw.mobile.base.BaseTest">
    <skipped/>
  </testcase> <!-- @AfterMethod tearDown -->
  <testcase name="@BeforeMethod initDriver" time="0.0" classname="com.scb.fmsw.mobile.base.BaseDriver">
    <skipped/>
  </testcase> <!-- @BeforeMethod initDriver -->
  <testcase name="@AfterMethod tearDown" time="0.0" classname="com.scb.fmsw.mobile.base.BaseTest">
    <skipped/>
  </testcase> <!-- @AfterMethod tearDown -->
  <testcase name="@BeforeMethod initDriver" time="0.0" classname="com.scb.fmsw.mobile.base.BaseDriver">
    <skipped/>
  </testcase> <!-- @BeforeMethod initDriver -->
  <testcase name="@AfterMethod tearDown" time="0.0" classname="com.scb.fmsw.mobile.base.BaseTest">
    <skipped/>
  </testcase> <!-- @AfterMethod tearDown -->
  <testcase name="@BeforeMethod initDriver" time="0.0" classname="com.scb.fmsw.mobile.base.BaseDriver">
    <skipped/>
  </testcase> <!-- @BeforeMethod initDriver -->
  <testcase name="@AfterMethod tearDown" time="0.0" classname="com.scb.fmsw.mobile.base.BaseTest">
    <skipped/>
  </testcase> <!-- @AfterMethod tearDown -->
  <testcase name="@BeforeMethod initDriver" time="0.0" classname="com.scb.fmsw.mobile.base.BaseDriver">
    <skipped/>
  </testcase> <!-- @BeforeMethod initDriver -->
  <testcase name="@AfterMethod tearDown" time="0.0" classname="com.scb.fmsw.mobile.base.BaseTest">
    <skipped/>
  </testcase> <!-- @AfterMethod tearDown -->
  <testcase name="@BeforeMethod initDriver" time="0.0" classname="com.scb.fmsw.mobile.base.BaseDriver">
    <skipped/>
  </testcase> <!-- @BeforeMethod initDriver -->
  <testcase name="@AfterMethod tearDown" time="0.0" classname="com.scb.fmsw.mobile.base.BaseTest">
    <skipped/>
  </testcase> <!-- @AfterMethod tearDown -->
  <testcase name="@BeforeMethod initDriver" time="0.0" classname="com.scb.fmsw.mobile.base.BaseDriver">
    <skipped/>
  </testcase> <!-- @BeforeMethod initDriver -->
  <testcase name="@AfterMethod tearDown" time="0.0" classname="com.scb.fmsw.mobile.base.BaseTest">
    <skipped/>
  </testcase> <!-- @AfterMethod tearDown -->
  <testcase name="@BeforeMethod initDriver" time="0.0" classname="com.scb.fmsw.mobile.base.BaseDriver">
    <skipped/>
  </testcase> <!-- @BeforeMethod initDriver -->
  <testcase name="@AfterMethod tearDown" time="0.0" classname="com.scb.fmsw.mobile.base.BaseTest">
    <skipped/>
  </testcase> <!-- @AfterMethod tearDown -->
  <testcase name="@BeforeMethod initDriver" time="0.0" classname="com.scb.fmsw.mobile.base.BaseDriver">
    <skipped/>
  </testcase> <!-- @BeforeMethod initDriver -->
  <testcase name="@AfterMethod tearDown" time="0.0" classname="com.scb.fmsw.mobile.base.BaseTest">
    <skipped/>
  </testcase> <!-- @AfterMethod tearDown -->
  <testcase name="@BeforeMethod initDriver" time="0.0" classname="com.scb.fmsw.mobile.base.BaseDriver">
    <skipped/>
  </testcase> <!-- @BeforeMethod initDriver -->
  <testcase name="@AfterMethod tearDown" time="0.0" classname=="com.scb.fmsw.mobile.base.BaseTest">
    <skipped/>
  </testcase> <!-- @AfterMethod tearDown -->
  <testcase name="bookmarkOMRWorkflowTest" time="72.503" classname="com.scb.fmsw.mobile.test.WorkflowTest">
    <failure type="org.openqa.selenium.TimeoutException" message="Expected condition failed: waiting for presence of element located by: By.xpath: //XCUIElementTypeTable[@visible=&amp;apos;true&amp;apos;]//XCUIElementTypeStaticText[@value=&amp;apos;Off Market Rate&amp;apos;] (tried for 20 second(s) with 500 MILLISECONDS interval)">
      <![CDATA[org.openqa.selenium.TimeoutException: Expected condition failed: waiting for presence of element located by: By.xpath: //XCUIElementTypeTable[@visible='true']//XCUIElementTypeStaticText[@value='Off Market Rate'] (tried for 20 second(s) with 500 MILLISECONDS interval)
	at org.openqa.selenium.support.ui.WebDriverWait.timeoutException(WebDriverWait.java:82)
	at org.openqa.selenium.support.ui.FluentWait.until(FluentWait.java:231)
	at com.scb.fmsw.mobile.base.BaseScreen.waitForElementByXpath(BaseScreen.java:156)
	at com.scb.fmsw.mobile.screen.OverviewScreen.tapOnWorkflowCount(OverviewScreen.java:35)
	at com.scb.fmsw.mobile.test.WorkflowTest.bookmarkOMRWorkflowTest(WorkflowTest.java:261)
Caused by: org.openqa.selenium.NoSuchElementException: Cannot locate an element using By.xpath: //XCUIElementTypeTable[@visible='true']//XCUIElementTypeStaticText[@value='Off Market Rate']
For documentation on this error, please visit: http://seleniumhq.org/exceptions/no_such_element.html
Build info: version: '3.6.0', revision: '6fbf3ec767', time: '2017-09-27T15:28:36.4Z'
System info: host: 'Guo-Wangs-MacBook-Pro.local', ip: 'fe80:0:0:0:1c83:c6e1:6944:530b%en0', os.name: 'Mac OS X', os.arch: 'x86_64', os.version: '10.13.2', java.version: '1.8.0_131'
Driver info: driver.version: unknown
	at org.openqa.selenium.support.ui.ExpectedConditions.lambda$findElement$0(ExpectedConditions.java:882)
	at java.util.Optional.orElseThrow(Optional.java:290)
	at org.openqa.selenium.support.ui.ExpectedConditions.findElement(ExpectedConditions.java:881)
	at org.openqa.selenium.support.ui.ExpectedConditions.access$000(ExpectedConditions.java:43)
	at org.openqa.selenium.support.ui.ExpectedConditions$6.apply(ExpectedConditions.java:182)
	at org.openqa.selenium.support.ui.ExpectedConditions$6.apply(ExpectedConditions.java:179)
	at org.openqa.selenium.support.ui.FluentWait.until(FluentWait.java:208)
	... 38 more
... Removed 35 stack frames]]>
    </failure>
  </testcase> <!-- bookmarkOMRWorkflowTest -->
  <testcase name="bookmarkToReviewCNAWorkflowTest" time="26.69" classname="com.scb.fmsw.mobile.test.WorkflowTest">
    <failure type="org.openqa.selenium.WebDriverException" message="Connection refused (Connection refused)
Build info: version: &amp;apos;3.6.0&amp;apos;, revision: &amp;apos;6fbf3ec767&amp;apos;, time: &amp;apos;2017-09-27T15:28:36.4Z&amp;apos;
System info: host: &amp;apos;Guo-Wangs-MacBook-Pro.local&amp;apos;, ip: &amp;apos;fe80:0:0:0:1c83:c6e1:6944:530b%en0&amp;apos;, os.name: &amp;apos;Mac OS X&amp;apos;, os.arch: &amp;apos;x86_64&amp;apos;, os.version: &amp;apos;10.13.2&amp;apos;, java.version: &amp;apos;1.8.0_131&amp;apos;
Driver info: driver.version: AppiumDriver">
      <![CDATA[org.openqa.selenium.WebDriverException: Connection refused (Connection refused)
Build info: version: '3.6.0', revision: '6fbf3ec767', time: '2017-09-27T15:28:36.4Z'
System info: host: 'Guo-Wangs-MacBook-Pro.local', ip: 'fe80:0:0:0:1c83:c6e1:6944:530b%en0', os.name: 'Mac OS X', os.arch: 'x86_64', os.version: '10.13.2', java.version: '1.8.0_131'
Driver info: driver.version: AppiumDriver
	at io.appium.java_client.remote.AppiumCommandExecutor.lambda$2(AppiumCommandExecutor.java:101)
	at java.util.Optional.orElseGet(Optional.java:267)
	at io.appium.java_client.remote.AppiumCommandExecutor.execute(AppiumCommandExecutor.java:100)
	at org.openqa.selenium.remote.RemoteWebDriver.execute(RemoteWebDriver.java:586)
	at io.appium.java_client.DefaultGenericMobileDriver.execute(DefaultGenericMobileDriver.java:42)
	at io.appium.java_client.AppiumDriver.execute(AppiumDriver.java:1)
	at io.appium.java_client.ios.IOSDriver.execute(IOSDriver.java:1)
	at org.openqa.selenium.remote.RemoteWebDriver.findElements(RemoteWebDriver.java:383)
	at io.appium.java_client.DefaultGenericMobileDriver.findElements(DefaultGenericMobileDriver.java:54)
	at io.appium.java_client.AppiumDriver.findElements(AppiumDriver.java:149)
	at org.openqa.selenium.remote.RemoteWebDriver.findElementsByXPath(RemoteWebDriver.java:462)
	at io.appium.java_client.DefaultGenericMobileDriver.findElementsByXPath(DefaultGenericMobileDriver.java:144)
	at io.appium.java_client.AppiumDriver.findElementsByXPath(AppiumDriver.java:181)
	at org.openqa.selenium.By$ByXPath.findElements(By.java:356)
	at org.openqa.selenium.remote.RemoteWebDriver.findElements(RemoteWebDriver.java:344)
	at io.appium.java_client.DefaultGenericMobileDriver.findElements(DefaultGenericMobileDriver.java:50)
	at io.appium.java_client.AppiumDriver.findElements(AppiumDriver.java:145)
	at org.openqa.selenium.support.ui.ExpectedConditions.findElement(ExpectedConditions.java:881)
	at org.openqa.selenium.support.ui.ExpectedConditions.access$000(ExpectedConditions.java:43)
	at org.openqa.selenium.support.ui.ExpectedConditions$6.apply(ExpectedConditions.java:182)
	at org.openqa.selenium.support.ui.ExpectedConditions$6.apply(ExpectedConditions.java:179)
	at org.openqa.selenium.support.ui.FluentWait.until(FluentWait.java:208)
	at com.scb.fmsw.mobile.base.BaseScreen.waitForElementByXpath(BaseScreen.java:156)
	at com.scb.fmsw.mobile.screen.OverviewScreen.tapOnWorkflowCount(OverviewScreen.java:35)
	at com.scb.fmsw.mobile.test.WorkflowTest.bookmarkToReviewCNAWorkflowTest(WorkflowTest.java:74)
Caused by: java.net.ConnectException: Connection refused (Connection refused)
	at java.net.PlainSocketImpl.socketConnect(Native Method)
	at java.net.AbstractPlainSocketImpl.doConnect(AbstractPlainSocketImpl.java:350)
	at java.net.AbstractPlainSocketImpl.connectToAddress(AbstractPlainSocketImpl.java:206)
	at java.net.AbstractPlainSocketImpl.connect(AbstractPlainSocketImpl.java:188)
	at java.net.SocksSocketImpl.connect(SocksSocketImpl.java:392)
	at java.net.Socket.connect(Socket.java:589)
	at org.apache.http.conn.socket.PlainConnectionSocketFactory.connectSocket(PlainConnectionSocketFactory.java:75)
	at org.apache.http.impl.conn.DefaultHttpClientConnectionOperator.connect(DefaultHttpClientConnectionOperator.java:142)
	at org.apache.http.impl.conn.PoolingHttpClientConnectionManager.connect(PoolingHttpClientConnectionManager.java:359)
	at org.apache.http.impl.execchain.MainClientExec.establishRoute(MainClientExec.java:381)
	at org.apache.http.impl.execchain.MainClientExec.execute(MainClientExec.java:237)
	at org.apache.http.impl.execchain.ProtocolExec.execute(ProtocolExec.java:185)
	at org.apache.http.impl.execchain.RetryExec.execute(RetryExec.java:89)
	at org.apache.http.impl.execchain.RedirectExec.execute(RedirectExec.java:111)
	at org.apache.http.impl.client.InternalHttpClient.doExecute(InternalHttpClient.java:185)
	at org.apache.http.impl.client.CloseableHttpClient.execute(CloseableHttpClient.java:72)
	at org.apache.http.impl.client.CloseableHttpClient.execute(CloseableHttpClient.java:56)
	at org.openqa.selenium.remote.internal.ApacheHttpClient.fallBackExecute(ApacheHttpClient.java:138)
	at org.openqa.selenium.remote.internal.ApacheHttpClient.execute(ApacheHttpClient.java:86)
	at org.openqa.selenium.remote.HttpCommandExecutor.execute(HttpCommandExecutor.java:161)
	at io.appium.java_client.remote.AppiumCommandExecutor.execute(AppiumCommandExecutor.java:89)
	... 57 more
... Removed 35 stack frames]]>
    </failure>
  </testcase> <!-- bookmarkToReviewCNAWorkflowTest -->
  <testcase name="clarifyOverdueOMRWorkflowTest" time="0.001" classname="com.scb.fmsw.mobile.test.WorkflowTest">
    <skipped/>
  </testcase> <!-- clarifyOverdueOMRWorkflowTest -->
  <testcase name="delegatePNLWorkflowTest" time="0.0" classname="com.scb.fmsw.mobile.test.WorkflowTest">
    <skipped/>
  </testcase> <!-- delegatePNLWorkflowTest -->
  <testcase name="delegateToReviewCNAWorkflowTest" time="0.0" classname="com.scb.fmsw.mobile.test.WorkflowTest">
    <skipped/>
  </testcase> <!-- delegateToReviewCNAWorkflowTest -->
  <testcase name="recallOverduePNLWorkflowTest" time="0.0" classname="com.scb.fmsw.mobile.test.WorkflowTest">
    <skipped/>
  </testcase> <!-- recallOverduePNLWorkflowTest -->
  <testcase name="recallPNLWorkflowTest" time="0.0" classname="com.scb.fmsw.mobile.test.WorkflowTest">
    <skipped/>
  </testcase> <!-- recallPNLWorkflowTest -->
  <testcase name="sendToReviewCNAWorkflowToAnyoneForClarificationTest" time="0.0" classname="com.scb.fmsw.mobile.test.WorkflowTest">
    <skipped/>
  </testcase> <!-- sendToReviewCNAWorkflowToAnyoneForClarificationTest -->
  <testcase name="sendToReviewCNAWorkflowToCNAPerformerForClarificationTest" time="0.0" classname="com.scb.fmsw.mobile.test.WorkflowTest">
    <skipped/>
  </testcase> <!-- sendToReviewCNAWorkflowToCNAPerformerForClarificationTest -->
  <testcase name="sendToReviewCNAWorkflowToCNAPerformerLMForClarificationTest" time="0.0" classname="com.scb.fmsw.mobile.test.WorkflowTest">
    <skipped/>
  </testcase> <!-- sendToReviewCNAWorkflowToCNAPerformerLMForClarificationTest -->
  <testcase name="sendToReviewCNAWorkflowToMOForClarificationTest" time="0.0" classname="com.scb.fmsw.mobile.test.WorkflowTest">
    <skipped/>
  </testcase> <!-- sendToReviewCNAWorkflowToMOForClarificationTest -->
  <testcase name="sendToReviewCNAWorkflowToPCForClarificationTest" time="0.0" classname="com.scb.fmsw.mobile.test.WorkflowTest">
    <skipped/>
  </testcase> <!-- sendToReviewCNAWorkflowToPCForClarificationTest -->
  <testcase name="submitOverdueOMRWorkflowTest" time="0.0" classname="com.scb.fmsw.mobile.test.WorkflowTest">
    <skipped/>
  </testcase> <!-- submitOverdueOMRWorkflowTest -->
  <testcase name="acknowledgeToReviewCNAWorkflowTest" time="0.0" classname="com.scb.fmsw.mobile.test.AcknowledgeTest">
    <skipped/>
  </testcase> <!-- acknowledgeToReviewCNAWorkflowTest -->
  <testcase name="acknowledgeAllCNAWorkflowTest" time="0.0" classname="com.scb.fmsw.mobile.test.Testing">
    <skipped/>
  </testcase> <!-- acknowledgeAllCNAWorkflowTest -->
</testsuite> <!-- Command line test -->
